0 verbose cli /home/ubuntu/.nvm/versions/node/v16.18.0/bin/node /home/ubuntu/.nvm/versions/node/v16.18.0/bin/npm
1 info using npm@8.19.2
2 info using node@v16.18.0
3 timing npm:load:whichnode Completed in 0ms
4 timing config:load:defaults Completed in 1ms
5 timing config:load:file:/home/ubuntu/.nvm/versions/node/v16.18.0/lib/node_modules/npm/npmrc Completed in 0ms
6 timing config:load:builtin Completed in 1ms
7 timing config:load:cli Completed in 1ms
8 timing config:load:env Completed in 1ms
9 timing config:load:project Completed in 16ms
10 timing config:load:file:/home/ubuntu/.npmrc Completed in 0ms
11 timing config:load:user Completed in 0ms
12 timing config:load:file:/home/ubuntu/.nvm/versions/node/v16.18.0/etc/npmrc Completed in 0ms
13 timing config:load:global Completed in 0ms
14 timing config:load:validate Completed in 0ms
15 timing config:load:credentials Completed in 1ms
16 timing config:load:setEnvs Completed in 1ms
17 timing config:load Completed in 22ms
18 timing npm:load:configload Completed in 23ms
19 timing npm:load:mkdirpcache Completed in 1ms
20 timing npm:load:mkdirplogs Completed in 0ms
21 verbose title npm install coffeescript
22 verbose argv "install" "--global" "coffeescript"
23 timing npm:load:setTitle Completed in 1ms
24 timing config:load:flatten Completed in 2ms
25 timing npm:load:display Completed in 3ms
26 verbose logfile logs-max:10 dir:/home/ubuntu/.npm/_logs
27 verbose logfile /home/ubuntu/.npm/_logs/2022-10-25T13_09_09_317Z-debug-0.log
28 timing npm:load:logFile Completed in 4ms
29 timing npm:load:timers Completed in 0ms
30 timing npm:load:configScope Completed in 0ms
31 timing npm:load Completed in 32ms
32 timing arborist:ctor Completed in 1ms
33 silly logfile done cleaning log files
34 timing idealTree:init Completed in 4ms
35 timing idealTree:userRequests Completed in 2ms
36 silly idealTree buildDeps
37 silly fetch manifest coffeescript@*
38 http fetch GET 200 https://registry.npmjs.org/coffeescript 74ms (cache miss)
39 silly placeDep ROOT coffeescript@2.7.0 OK for:  want: *
40 timing idealTree:#root Completed in 82ms
41 timing idealTree:node_modules/coffeescript Completed in 0ms
42 timing idealTree:buildDeps Completed in 82ms
43 timing idealTree:fixDepFlags Completed in 1ms
44 timing idealTree Completed in 89ms
45 timing reify:loadTrees Completed in 92ms
46 timing reify:diffTrees Completed in 1ms
47 silly reify moves {}
48 timing reify:retireShallow Completed in 1ms
49 timing reify:createSparse Completed in 1ms
50 timing reify:loadBundles Completed in 0ms
51 silly audit bulk request { coffeescript: [ '2.7.0' ] }
52 silly tarball no local data for coffeescript@https://registry.npmjs.org/coffeescript/-/coffeescript-2.7.0.tgz. Extracting by manifest.
53 http fetch GET 200 https://registry.npmjs.org/npm 147ms (cache miss)
54 http fetch POST 200 https://registry.npmjs.org/-/npm/v1/security/advisories/bulk 57ms
55 timing auditReport:getReport Completed in 58ms
56 silly audit report {}
57 timing auditReport:init Completed in 0ms
58 timing reify:audit Completed in 59ms
59 http fetch GET 200 https://registry.npmjs.org/coffeescript/-/coffeescript-2.7.0.tgz 130ms (cache miss)
60 timing reifyNode:node_modules/coffeescript Completed in 140ms
61 timing reify:unpack Completed in 140ms
62 timing reify:unretire Completed in 1ms
63 timing build:queue Completed in 0ms
64 timing build:link:node_modules/coffeescript Completed in 1ms
65 timing build:link Completed in 1ms
66 timing build:deps Completed in 2ms
67 timing build Completed in 2ms
68 timing reify:build Completed in 2ms
69 timing reify:trash Completed in 0ms
70 timing reify Completed in 272ms
71 silly ADD node_modules/coffeescript
72 timing command:install Completed in 277ms
73 verbose exit 0
74 timing npm Completed in 391ms
75 info ok
